{
	"responseTime": "13ms",
	"method": "GET",
	"url": "/",
	"ip": "::ffff:127.0.0.1",
	"body": {},
	"params": {},
	"query": {},
	"httpVersion": "1.1",
	"statusCode": 200,
	"timeStamp": "16/Nov/2021:07:37:51 +0000",
	"contentType": "text/html; charset=utf-8",
	"contentLength": "25",
	"userAgent": "curl/7.68.0",
	"referrer": null,
	"headers": {
		"host": "localhost:3000",
		"user-agent": "curl/7.68.0",
		"accept": "*/*"
	}
}
{
	"responseTime": "13ms",
	"method": "GET",
	"url": "/",
	"ip": "::1",
	"body": {},
	"params": {},
	"query": {},
	"httpVersion": "1.1",
	"statusCode": 200,
	"timeStamp": "17/Nov/2021:06:11:02 +0000",
	"contentType": "text/html; charset=utf-8",
	"contentLength": "25",
	"userAgent": "Mozilla/5.0 (X11; Linux x86_64) AppleWebKit/537.36 (KHTML, like Gecko) Chrome/95.0.4638.69 Safari/537.36",
	"referrer": null,
	"headers": {
		"host": "localhost:5000",
		"connection": "keep-alive",
		"sec-ch-ua": "\"Google Chrome\";v=\"95\", \"Chromium\";v=\"95\", \";Not A Brand\";v=\"99\"",
		"sec-ch-ua-mobile": "?0",
		"sec-ch-ua-platform": "\"Linux\"",
		"upgrade-insecure-requests": "1",
		"user-agent": "Mozilla/5.0 (X11; Linux x86_64) AppleWebKit/537.36 (KHTML, like Gecko) Chrome/95.0.4638.69 Safari/537.36",
		"accept": "text/html,application/xhtml+xml,application/xml;q=0.9,image/avif,image/webp,image/apng,*/*;q=0.8,application/signed-exchange;v=b3;q=0.9",
		"sec-fetch-site": "none",
		"sec-fetch-mode": "navigate",
		"sec-fetch-user": "?1",
		"sec-fetch-dest": "document",
		"accept-encoding": "gzip, deflate, br",
		"accept-language": "en-US,en;q=0.9",
		"cookie": "JSESSIONID=7423785FEA69A252101F8997C62127DC"
	}
}
{
	"responseTime": "3ms",
	"method": "GET",
	"url": "/favicon.ico",
	"ip": "::1",
	"body": {},
	"params": {},
	"query": {},
	"httpVersion": "1.1",
	"statusCode": 200,
	"timeStamp": "17/Nov/2021:06:11:02 +0000",
	"contentType": "image/x-icon",
	"contentLength": 318,
	"userAgent": "Mozilla/5.0 (X11; Linux x86_64) AppleWebKit/537.36 (KHTML, like Gecko) Chrome/95.0.4638.69 Safari/537.36",
	"referrer": "http://localhost:5000/",
	"headers": {
		"host": "localhost:5000",
		"connection": "keep-alive",
		"sec-ch-ua": "\"Google Chrome\";v=\"95\", \"Chromium\";v=\"95\", \";Not A Brand\";v=\"99\"",
		"sec-ch-ua-mobile": "?0",
		"user-agent": "Mozilla/5.0 (X11; Linux x86_64) AppleWebKit/537.36 (KHTML, like Gecko) Chrome/95.0.4638.69 Safari/537.36",
		"sec-ch-ua-platform": "\"Linux\"",
		"accept": "image/avif,image/webp,image/apng,image/svg+xml,image/*,*/*;q=0.8",
		"sec-fetch-site": "same-origin",
		"sec-fetch-mode": "no-cors",
		"sec-fetch-dest": "image",
		"referer": "http://localhost:5000/",
		"accept-encoding": "gzip, deflate, br",
		"accept-language": "en-US,en;q=0.9",
		"cookie": "JSESSIONID=7423785FEA69A252101F8997C62127DC"
	}
}
{
	"responseTime": "1ms",
	"method": "GET",
	"url": "/health",
	"ip": "::1",
	"body": {},
	"params": {},
	"query": {},
	"httpVersion": "1.1",
	"statusCode": 200,
	"timeStamp": "17/Nov/2021:06:11:08 +0000",
	"contentType": "text/html; charset=utf-8",
	"contentLength": "7",
	"userAgent": "Mozilla/5.0 (X11; Linux x86_64) AppleWebKit/537.36 (KHTML, like Gecko) Chrome/95.0.4638.69 Safari/537.36",
	"referrer": null,
	"headers": {
		"host": "localhost:5000",
		"connection": "keep-alive",
		"sec-ch-ua": "\"Google Chrome\";v=\"95\", \"Chromium\";v=\"95\", \";Not A Brand\";v=\"99\"",
		"sec-ch-ua-mobile": "?0",
		"sec-ch-ua-platform": "\"Linux\"",
		"upgrade-insecure-requests": "1",
		"user-agent": "Mozilla/5.0 (X11; Linux x86_64) AppleWebKit/537.36 (KHTML, like Gecko) Chrome/95.0.4638.69 Safari/537.36",
		"accept": "text/html,application/xhtml+xml,application/xml;q=0.9,image/avif,image/webp,image/apng,*/*;q=0.8,application/signed-exchange;v=b3;q=0.9",
		"sec-fetch-site": "none",
		"sec-fetch-mode": "navigate",
		"sec-fetch-user": "?1",
		"sec-fetch-dest": "document",
		"accept-encoding": "gzip, deflate, br",
		"accept-language": "en-US,en;q=0.9",
		"cookie": "JSESSIONID=7423785FEA69A252101F8997C62127DC"
	}
}
{
	"responseTime": "1ms",
	"method": "GET",
	"url": "/oauth",
	"ip": "::1",
	"body": {},
	"params": {},
	"query": {},
	"httpVersion": "1.1",
	"statusCode": 404,
	"timeStamp": "17/Nov/2021:06:12:46 +0000",
	"contentType": "text/html; charset=utf-8",
	"contentLength": "56",
	"userAgent": "Mozilla/5.0 (X11; Linux x86_64) AppleWebKit/537.36 (KHTML, like Gecko) Chrome/95.0.4638.69 Safari/537.36",
	"referrer": null,
	"headers": {
		"host": "localhost:5000",
		"connection": "keep-alive",
		"sec-ch-ua": "\"Google Chrome\";v=\"95\", \"Chromium\";v=\"95\", \";Not A Brand\";v=\"99\"",
		"sec-ch-ua-mobile": "?0",
		"sec-ch-ua-platform": "\"Linux\"",
		"upgrade-insecure-requests": "1",
		"user-agent": "Mozilla/5.0 (X11; Linux x86_64) AppleWebKit/537.36 (KHTML, like Gecko) Chrome/95.0.4638.69 Safari/537.36",
		"accept": "text/html,application/xhtml+xml,application/xml;q=0.9,image/avif,image/webp,image/apng,*/*;q=0.8,application/signed-exchange;v=b3;q=0.9",
		"sec-fetch-site": "none",
		"sec-fetch-mode": "navigate",
		"sec-fetch-user": "?1",
		"sec-fetch-dest": "document",
		"accept-encoding": "gzip, deflate, br",
		"accept-language": "en-US,en;q=0.9",
		"cookie": "JSESSIONID=7423785FEA69A252101F8997C62127DC"
	}
}
{
	"responseTime": "10ms",
	"method": "GET",
	"url": "/oauth",
	"ip": "::1",
	"body": {},
	"params": {},
	"query": {},
	"httpVersion": "1.1",
	"statusCode": 200,
	"timeStamp": "17/Nov/2021:06:12:54 +0000",
	"contentType": "text/html; charset=utf-8",
	"contentLength": "5",
	"userAgent": "Mozilla/5.0 (X11; Linux x86_64) AppleWebKit/537.36 (KHTML, like Gecko) Chrome/95.0.4638.69 Safari/537.36",
	"referrer": null,
	"headers": {
		"host": "localhost:5000",
		"connection": "keep-alive",
		"cache-control": "max-age=0",
		"sec-ch-ua": "\"Google Chrome\";v=\"95\", \"Chromium\";v=\"95\", \";Not A Brand\";v=\"99\"",
		"sec-ch-ua-mobile": "?0",
		"sec-ch-ua-platform": "\"Linux\"",
		"upgrade-insecure-requests": "1",
		"user-agent": "Mozilla/5.0 (X11; Linux x86_64) AppleWebKit/537.36 (KHTML, like Gecko) Chrome/95.0.4638.69 Safari/537.36",
		"accept": "text/html,application/xhtml+xml,application/xml;q=0.9,image/avif,image/webp,image/apng,*/*;q=0.8,application/signed-exchange;v=b3;q=0.9",
		"sec-fetch-site": "none",
		"sec-fetch-mode": "navigate",
		"sec-fetch-user": "?1",
		"sec-fetch-dest": "document",
		"accept-encoding": "gzip, deflate, br",
		"accept-language": "en-US,en;q=0.9",
		"cookie": "JSESSIONID=7423785FEA69A252101F8997C62127DC"
	}
}
{
	"responseTime": "8ms",
	"method": "GET",
	"url": "/oauth",
	"ip": "::1",
	"body": {},
	"params": {},
	"query": {},
	"httpVersion": "1.1",
	"statusCode": 302,
	"timeStamp": "17/Nov/2021:06:31:30 +0000",
	"contentType": null,
	"contentLength": null,
	"userAgent": "Mozilla/5.0 (X11; Linux x86_64) AppleWebKit/537.36 (KHTML, like Gecko) Chrome/95.0.4638.69 Safari/537.36",
	"referrer": null,
	"headers": {
		"host": "localhost:5000",
		"connection": "keep-alive",
		"cache-control": "max-age=0",
		"sec-ch-ua": "\"Google Chrome\";v=\"95\", \"Chromium\";v=\"95\", \";Not A Brand\";v=\"99\"",
		"sec-ch-ua-mobile": "?0",
		"sec-ch-ua-platform": "\"Linux\"",
		"upgrade-insecure-requests": "1",
		"user-agent": "Mozilla/5.0 (X11; Linux x86_64) AppleWebKit/537.36 (KHTML, like Gecko) Chrome/95.0.4638.69 Safari/537.36",
		"accept": "text/html,application/xhtml+xml,application/xml;q=0.9,image/avif,image/webp,image/apng,*/*;q=0.8,application/signed-exchange;v=b3;q=0.9",
		"sec-fetch-site": "none",
		"sec-fetch-mode": "navigate",
		"sec-fetch-user": "?1",
		"sec-fetch-dest": "document",
		"accept-encoding": "gzip, deflate, br",
		"accept-language": "en-US,en;q=0.9",
		"cookie": "JSESSIONID=7423785FEA69A252101F8997C62127DC",
		"if-none-match": "W/\"5-t+mm4uBO0+2/i04h3vS+zLtutrE\""
	}
}
{
	"responseTime": "14ms",
	"method": "GET",
	"url": "/oauth",
	"ip": "::1",
	"body": {},
	"params": {},
	"query": {},
	"httpVersion": "1.1",
	"statusCode": 302,
	"timeStamp": "17/Nov/2021:06:32:38 +0000",
	"contentType": null,
	"contentLength": null,
	"userAgent": "Mozilla/5.0 (X11; Linux x86_64) AppleWebKit/537.36 (KHTML, like Gecko) Chrome/95.0.4638.69 Safari/537.36",
	"referrer": null,
	"headers": {
		"host": "localhost:5000",
		"connection": "keep-alive",
		"sec-ch-ua": "\"Google Chrome\";v=\"95\", \"Chromium\";v=\"95\", \";Not A Brand\";v=\"99\"",
		"sec-ch-ua-mobile": "?0",
		"sec-ch-ua-platform": "\"Linux\"",
		"upgrade-insecure-requests": "1",
		"user-agent": "Mozilla/5.0 (X11; Linux x86_64) AppleWebKit/537.36 (KHTML, like Gecko) Chrome/95.0.4638.69 Safari/537.36",
		"accept": "text/html,application/xhtml+xml,application/xml;q=0.9,image/avif,image/webp,image/apng,*/*;q=0.8,application/signed-exchange;v=b3;q=0.9",
		"sec-fetch-site": "none",
		"sec-fetch-mode": "navigate",
		"sec-fetch-user": "?1",
		"sec-fetch-dest": "document",
		"accept-encoding": "gzip, deflate, br",
		"accept-language": "en-US,en;q=0.9",
		"cookie": "JSESSIONID=7423785FEA69A252101F8997C62127DC"
	}
}
{
	"responseTime": "7ms",
	"method": "GET",
	"url": "/",
	"ip": "::1",
	"body": {},
	"params": {},
	"query": {},
	"httpVersion": "1.1",
	"statusCode": 304,
	"timeStamp": "17/Nov/2021:06:33:56 +0000",
	"contentType": null,
	"contentLength": null,
	"userAgent": "Mozilla/5.0 (X11; Linux x86_64) AppleWebKit/537.36 (KHTML, like Gecko) Chrome/95.0.4638.69 Safari/537.36",
	"referrer": null,
	"headers": {
		"host": "localhost:5000",
		"connection": "keep-alive",
		"cache-control": "max-age=0",
		"sec-ch-ua": "\"Google Chrome\";v=\"95\", \"Chromium\";v=\"95\", \";Not A Brand\";v=\"99\"",
		"sec-ch-ua-mobile": "?0",
		"sec-ch-ua-platform": "\"Linux\"",
		"upgrade-insecure-requests": "1",
		"user-agent": "Mozilla/5.0 (X11; Linux x86_64) AppleWebKit/537.36 (KHTML, like Gecko) Chrome/95.0.4638.69 Safari/537.36",
		"accept": "text/html,application/xhtml+xml,application/xml;q=0.9,image/avif,image/webp,image/apng,*/*;q=0.8,application/signed-exchange;v=b3;q=0.9",
		"sec-fetch-site": "none",
		"sec-fetch-mode": "navigate",
		"sec-fetch-user": "?1",
		"sec-fetch-dest": "document",
		"accept-encoding": "gzip, deflate, br",
		"accept-language": "en-US,en;q=0.9",
		"cookie": "JSESSIONID=7423785FEA69A252101F8997C62127DC",
		"if-none-match": "W/\"19-Swqwj4nLGfnn3XDWXHOD0evsGT8\""
	}
}
{
	"responseTime": "1ms",
	"method": "GET",
	"url": "/oauth",
	"ip": "::1",
	"body": {},
	"params": {},
	"query": {},
	"httpVersion": "1.1",
	"statusCode": 302,
	"timeStamp": "17/Nov/2021:06:34:04 +0000",
	"contentType": null,
	"contentLength": null,
	"userAgent": "Mozilla/5.0 (X11; Linux x86_64) AppleWebKit/537.36 (KHTML, like Gecko) Chrome/95.0.4638.69 Safari/537.36",
	"referrer": null,
	"headers": {
		"host": "localhost:5000",
		"connection": "keep-alive",
		"sec-ch-ua": "\"Google Chrome\";v=\"95\", \"Chromium\";v=\"95\", \";Not A Brand\";v=\"99\"",
		"sec-ch-ua-mobile": "?0",
		"sec-ch-ua-platform": "\"Linux\"",
		"upgrade-insecure-requests": "1",
		"user-agent": "Mozilla/5.0 (X11; Linux x86_64) AppleWebKit/537.36 (KHTML, like Gecko) Chrome/95.0.4638.69 Safari/537.36",
		"accept": "text/html,application/xhtml+xml,application/xml;q=0.9,image/avif,image/webp,image/apng,*/*;q=0.8,application/signed-exchange;v=b3;q=0.9",
		"sec-fetch-site": "none",
		"sec-fetch-mode": "navigate",
		"sec-fetch-user": "?1",
		"sec-fetch-dest": "document",
		"accept-encoding": "gzip, deflate, br",
		"accept-language": "en-US,en;q=0.9",
		"cookie": "JSESSIONID=7423785FEA69A252101F8997C62127DC"
	}
}
{
	"responseTime": "3ms",
	"method": "GET",
	"url": "/oauth/callback?code=01142508-fb67-3417-8b91-6f398ca58287",
	"ip": "::1",
	"body": {},
	"params": {},
	"query": {
		"code": "01142508-fb67-3417-8b91-6f398ca58287"
	},
	"httpVersion": "1.1",
	"statusCode": 404,
	"timeStamp": "17/Nov/2021:06:34:08 +0000",
	"contentType": "text/html; charset=utf-8",
	"contentLength": "56",
	"userAgent": "Mozilla/5.0 (X11; Linux x86_64) AppleWebKit/537.36 (KHTML, like Gecko) Chrome/95.0.4638.69 Safari/537.36",
	"referrer": null,
	"headers": {
		"host": "localhost:5000",
		"connection": "keep-alive",
		"cache-control": "max-age=0",
		"upgrade-insecure-requests": "1",
		"user-agent": "Mozilla/5.0 (X11; Linux x86_64) AppleWebKit/537.36 (KHTML, like Gecko) Chrome/95.0.4638.69 Safari/537.36",
		"accept": "text/html,application/xhtml+xml,application/xml;q=0.9,image/avif,image/webp,image/apng,*/*;q=0.8,application/signed-exchange;v=b3;q=0.9",
		"sec-fetch-site": "cross-site",
		"sec-fetch-mode": "navigate",
		"sec-fetch-user": "?1",
		"sec-fetch-dest": "document",
		"sec-ch-ua": "\"Google Chrome\";v=\"95\", \"Chromium\";v=\"95\", \";Not A Brand\";v=\"99\"",
		"sec-ch-ua-mobile": "?0",
		"sec-ch-ua-platform": "\"Linux\"",
		"accept-encoding": "gzip, deflate, br",
		"accept-language": "en-US,en;q=0.9",
		"cookie": "JSESSIONID=7423785FEA69A252101F8997C62127DC"
	}
}
{
	"responseTime": "2ms",
	"method": "GET",
	"url": "/oauth/callback?code=01142508-fb67-3417-8b91-6f398ca58287",
	"ip": "::1",
	"body": {},
	"params": {},
	"query": {
		"code": "01142508-fb67-3417-8b91-6f398ca58287"
	},
	"httpVersion": "1.1",
	"statusCode": 404,
	"timeStamp": "17/Nov/2021:06:39:32 +0000",
	"contentType": "text/html; charset=utf-8",
	"contentLength": "56",
	"userAgent": "Mozilla/5.0 (X11; Linux x86_64) AppleWebKit/537.36 (KHTML, like Gecko) Chrome/95.0.4638.69 Safari/537.36",
	"referrer": null,
	"headers": {
		"host": "localhost:5000",
		"connection": "keep-alive",
		"cache-control": "max-age=0",
		"sec-ch-ua": "\"Google Chrome\";v=\"95\", \"Chromium\";v=\"95\", \";Not A Brand\";v=\"99\"",
		"sec-ch-ua-mobile": "?0",
		"sec-ch-ua-platform": "\"Linux\"",
		"upgrade-insecure-requests": "1",
		"user-agent": "Mozilla/5.0 (X11; Linux x86_64) AppleWebKit/537.36 (KHTML, like Gecko) Chrome/95.0.4638.69 Safari/537.36",
		"accept": "text/html,application/xhtml+xml,application/xml;q=0.9,image/avif,image/webp,image/apng,*/*;q=0.8,application/signed-exchange;v=b3;q=0.9",
		"sec-fetch-site": "none",
		"sec-fetch-mode": "navigate",
		"sec-fetch-user": "?1",
		"sec-fetch-dest": "document",
		"accept-encoding": "gzip, deflate, br",
		"accept-language": "en-US,en;q=0.9",
		"cookie": "JSESSIONID=7423785FEA69A252101F8997C62127DC"
	}
}
{
	"responseTime": "30ms",
	"method": "GET",
	"url": "/oauth/callback?code=01142508-fb67-3417-8b91-6f398ca58287",
	"ip": "::1",
	"body": {},
	"params": {},
	"query": {
		"code": "01142508-fb67-3417-8b91-6f398ca58287"
	},
	"httpVersion": "1.1",
	"statusCode": 200,
	"timeStamp": "17/Nov/2021:06:42:35 +0000",
	"contentType": "text/html; charset=utf-8",
	"contentLength": "5",
	"userAgent": "Mozilla/5.0 (X11; Linux x86_64) AppleWebKit/537.36 (KHTML, like Gecko) Chrome/95.0.4638.69 Safari/537.36",
	"referrer": null,
	"headers": {
		"host": "localhost:5000",
		"connection": "keep-alive",
		"cache-control": "max-age=0",
		"sec-ch-ua": "\"Google Chrome\";v=\"95\", \"Chromium\";v=\"95\", \";Not A Brand\";v=\"99\"",
		"sec-ch-ua-mobile": "?0",
		"sec-ch-ua-platform": "\"Linux\"",
		"upgrade-insecure-requests": "1",
		"user-agent": "Mozilla/5.0 (X11; Linux x86_64) AppleWebKit/537.36 (KHTML, like Gecko) Chrome/95.0.4638.69 Safari/537.36",
		"accept": "text/html,application/xhtml+xml,application/xml;q=0.9,image/avif,image/webp,image/apng,*/*;q=0.8,application/signed-exchange;v=b3;q=0.9",
		"sec-fetch-site": "none",
		"sec-fetch-mode": "navigate",
		"sec-fetch-user": "?1",
		"sec-fetch-dest": "document",
		"accept-encoding": "gzip, deflate, br",
		"accept-language": "en-US,en;q=0.9",
		"cookie": "JSESSIONID=7423785FEA69A252101F8997C62127DC"
	}
}
{
	"responseTime": "79ms",
	"method": "GET",
	"url": "/oauth/callback?code=01142508-fb67-3417-8b91-6f398ca58287",
	"ip": "::1",
	"body": {},
	"params": {},
	"query": {
		"code": "01142508-fb67-3417-8b91-6f398ca58287"
	},
	"httpVersion": "1.1",
	"statusCode": 304,
	"timeStamp": "17/Nov/2021:06:45:51 +0000",
	"contentType": null,
	"contentLength": null,
	"userAgent": "Mozilla/5.0 (X11; Linux x86_64) AppleWebKit/537.36 (KHTML, like Gecko) Chrome/95.0.4638.69 Safari/537.36",
	"referrer": null,
	"headers": {
		"host": "localhost:5000",
		"connection": "keep-alive",
		"cache-control": "max-age=0",
		"sec-ch-ua": "\"Google Chrome\";v=\"95\", \"Chromium\";v=\"95\", \";Not A Brand\";v=\"99\"",
		"sec-ch-ua-mobile": "?0",
		"sec-ch-ua-platform": "\"Linux\"",
		"upgrade-insecure-requests": "1",
		"user-agent": "Mozilla/5.0 (X11; Linux x86_64) AppleWebKit/537.36 (KHTML, like Gecko) Chrome/95.0.4638.69 Safari/537.36",
		"accept": "text/html,application/xhtml+xml,application/xml;q=0.9,image/avif,image/webp,image/apng,*/*;q=0.8,application/signed-exchange;v=b3;q=0.9",
		"sec-fetch-site": "none",
		"sec-fetch-mode": "navigate",
		"sec-fetch-user": "?1",
		"sec-fetch-dest": "document",
		"accept-encoding": "gzip, deflate, br",
		"accept-language": "en-US,en;q=0.9",
		"cookie": "JSESSIONID=7423785FEA69A252101F8997C62127DC",
		"if-none-match": "W/\"5-t+mm4uBO0+2/i04h3vS+zLtutrE\""
	}
}
{
	"responseTime": "46ms",
	"method": "GET",
	"url": "/oauth/callback?code=01142508-fb67-3417-8b91-6f398ca58287",
	"ip": "::1",
	"body": {},
	"params": {},
	"query": {
		"code": "01142508-fb67-3417-8b91-6f398ca58287"
	},
	"httpVersion": "1.1",
	"statusCode": 304,
	"timeStamp": "17/Nov/2021:06:48:04 +0000",
	"contentType": null,
	"contentLength": null,
	"userAgent": "Mozilla/5.0 (X11; Linux x86_64) AppleWebKit/537.36 (KHTML, like Gecko) Chrome/95.0.4638.69 Safari/537.36",
	"referrer": null,
	"headers": {
		"host": "localhost:5000",
		"connection": "keep-alive",
		"cache-control": "max-age=0",
		"sec-ch-ua": "\"Google Chrome\";v=\"95\", \"Chromium\";v=\"95\", \";Not A Brand\";v=\"99\"",
		"sec-ch-ua-mobile": "?0",
		"sec-ch-ua-platform": "\"Linux\"",
		"upgrade-insecure-requests": "1",
		"user-agent": "Mozilla/5.0 (X11; Linux x86_64) AppleWebKit/537.36 (KHTML, like Gecko) Chrome/95.0.4638.69 Safari/537.36",
		"accept": "text/html,application/xhtml+xml,application/xml;q=0.9,image/avif,image/webp,image/apng,*/*;q=0.8,application/signed-exchange;v=b3;q=0.9",
		"sec-fetch-site": "none",
		"sec-fetch-mode": "navigate",
		"sec-fetch-user": "?1",
		"sec-fetch-dest": "document",
		"accept-encoding": "gzip, deflate, br",
		"accept-language": "en-US,en;q=0.9",
		"cookie": "JSESSIONID=7423785FEA69A252101F8997C62127DC",
		"if-none-match": "W/\"5-t+mm4uBO0+2/i04h3vS+zLtutrE\""
	}
}
{
	"responseTime": "54ms",
	"method": "GET",
	"url": "/oauth/callback?code=01142508-fb67-3417-8b91-6f398ca58287",
	"ip": "::1",
	"body": {},
	"params": {},
	"query": {
		"code": "01142508-fb67-3417-8b91-6f398ca58287"
	},
	"httpVersion": "1.1",
	"statusCode": 304,
	"timeStamp": "17/Nov/2021:06:48:36 +0000",
	"contentType": null,
	"contentLength": null,
	"userAgent": "Mozilla/5.0 (X11; Linux x86_64) AppleWebKit/537.36 (KHTML, like Gecko) Chrome/95.0.4638.69 Safari/537.36",
	"referrer": null,
	"headers": {
		"host": "localhost:5000",
		"connection": "keep-alive",
		"cache-control": "max-age=0",
		"sec-ch-ua": "\"Google Chrome\";v=\"95\", \"Chromium\";v=\"95\", \";Not A Brand\";v=\"99\"",
		"sec-ch-ua-mobile": "?0",
		"sec-ch-ua-platform": "\"Linux\"",
		"upgrade-insecure-requests": "1",
		"user-agent": "Mozilla/5.0 (X11; Linux x86_64) AppleWebKit/537.36 (KHTML, like Gecko) Chrome/95.0.4638.69 Safari/537.36",
		"accept": "text/html,application/xhtml+xml,application/xml;q=0.9,image/avif,image/webp,image/apng,*/*;q=0.8,application/signed-exchange;v=b3;q=0.9",
		"sec-fetch-site": "none",
		"sec-fetch-mode": "navigate",
		"sec-fetch-user": "?1",
		"sec-fetch-dest": "document",
		"accept-encoding": "gzip, deflate, br",
		"accept-language": "en-US,en;q=0.9",
		"cookie": "JSESSIONID=7423785FEA69A252101F8997C62127DC",
		"if-none-match": "W/\"5-t+mm4uBO0+2/i04h3vS+zLtutrE\""
	}
}
{
	"responseTime": "44ms",
	"method": "GET",
	"url": "/oauth/callback?code=01142508-fb67-3417-8b91-6f398ca58287",
	"ip": "::1",
	"body": {},
	"params": {},
	"query": {
		"code": "01142508-fb67-3417-8b91-6f398ca58287"
	},
	"httpVersion": "1.1",
	"statusCode": 304,
	"timeStamp": "17/Nov/2021:06:49:12 +0000",
	"contentType": null,
	"contentLength": null,
	"userAgent": "Mozilla/5.0 (X11; Linux x86_64) AppleWebKit/537.36 (KHTML, like Gecko) Chrome/95.0.4638.69 Safari/537.36",
	"referrer": null,
	"headers": {
		"host": "localhost:5000",
		"connection": "keep-alive",
		"cache-control": "max-age=0",
		"sec-ch-ua": "\"Google Chrome\";v=\"95\", \"Chromium\";v=\"95\", \";Not A Brand\";v=\"99\"",
		"sec-ch-ua-mobile": "?0",
		"sec-ch-ua-platform": "\"Linux\"",
		"upgrade-insecure-requests": "1",
		"user-agent": "Mozilla/5.0 (X11; Linux x86_64) AppleWebKit/537.36 (KHTML, like Gecko) Chrome/95.0.4638.69 Safari/537.36",
		"accept": "text/html,application/xhtml+xml,application/xml;q=0.9,image/avif,image/webp,image/apng,*/*;q=0.8,application/signed-exchange;v=b3;q=0.9",
		"sec-fetch-site": "none",
		"sec-fetch-mode": "navigate",
		"sec-fetch-user": "?1",
		"sec-fetch-dest": "document",
		"accept-encoding": "gzip, deflate, br",
		"accept-language": "en-US,en;q=0.9",
		"cookie": "JSESSIONID=7423785FEA69A252101F8997C62127DC",
		"if-none-match": "W/\"5-t+mm4uBO0+2/i04h3vS+zLtutrE\""
	}
}
